<?xml version="1.0" encoding="UTF-8" ?>
<testsuite tests="1" failures="0" name="br.com.acaosistemas.temperatureconverterclient2.AppTest" time="0.015" errors="0" skipped="0">
  <properties>
    <property name="java.runtime.name" value="Java(TM) SE Runtime Environment"/>
    <property name="sun.boot.library.path" value="D:\Arquivos de programas\Java\jdk1.8.0_45\jre\bin"/>
    <property name="java.vm.version" value="25.45-b02"/>
    <property name="java.vm.vendor" value="Oracle Corporation"/>
    <property name="maven.multiModuleProjectDirectory" value="D:\Documents and Settings\marcelol\Eclipse\Workspaces\Ação\Estudos\JWSUR Examples\Chapter 6 - Example 15"/>
    <property name="java.vendor.url" value="http://java.oracle.com/"/>
    <property name="path.separator" value=";"/>
    <property name="guice.disable.misplaced.annotation.check" value="true"/>
    <property name="java.vm.name" value="Java HotSpot(TM) Client VM"/>
    <property name="file.encoding.pkg" value="sun.io"/>
    <property name="user.script" value=""/>
    <property name="user.country" value="BR"/>
    <property name="sun.java.launcher" value="SUN_STANDARD"/>
    <property name="sun.os.patch.level" value="Service Pack 3"/>
    <property name="java.vm.specification.name" value="Java Virtual Machine Specification"/>
    <property name="user.dir" value="D:\Documents and Settings\marcelol\Eclipse\Workspaces\Ação\Estudos\JWSUR Examples\Chapter 6 - Example 15"/>
    <property name="java.runtime.version" value="1.8.0_45-b14"/>
    <property name="java.awt.graphicsenv" value="sun.awt.Win32GraphicsEnvironment"/>
    <property name="java.endorsed.dirs" value="D:\Arquivos de programas\Java\jdk1.8.0_45\jre\lib\endorsed"/>
    <property name="os.arch" value="x86"/>
    <property name="java.io.tmpdir" value="D:\DOCUME~1\marcelol\CONFIG~1\Temp\"/>
    <property name="line.separator" value="
"/>
    <property name="java.vm.specification.vendor" value="Oracle Corporation"/>
    <property name="user.variant" value=""/>
    <property name="os.name" value="Windows XP"/>
    <property name="classworlds.conf" value="D:\Documents and Settings\marcelol\Eclipse\Workspaces\Ação\Estudos\JWSUR Examples\.metadata\.plugins\org.eclipse.m2e.launching\launches\m2conf8110305856486849726.tmp"/>
    <property name="sun.jnu.encoding" value="Cp1252"/>
    <property name="java.library.path" value="D:\Arquivos de programas\Java\jdk1.8.0_45\bin;D:\WINDOWS\Sun\Java\bin;D:\WINDOWS\system32;D:\WINDOWS;D:\Documents and Settings\All Users\Dados de aplicativos\Oracle\Java\javapath;D:\ORACLE\ORA11GR2\bin;D:\ORACLE\ORA10GR2\bin;D:\Arquivos de programas\Oracle\jre\1.1.8\bin;D:\ORACLE\ORA6I\bin;D:\ORACLE\ODS10GR2\bin;D:\ORACLE\ORA10GR2\bin;D:\ORACLE\ODS10GR2\jdk\jre\bin\classic;D:\ORACLE\ODS10GR2\jdk\jre\bin;D:\ORACLE\ODS10GR2\jdk\jre\bin\client;D:\ORACLE\ODS10GR2\jlib;D:\ORACLE\ODS10GR2\jre\1.4.2\bin\client;D:\ORACLE\ODS10GR2\jre\1.4.2\bin;D:\WINDOWS\system32;D:\WINDOWS;D:\WINDOWS\System32\Wbem;D:\ORACLE\ORA6I\jdk\bin;D:\ARQUIV~1\ULTRAEDT;D:\Arquivos de programas\OpenSSH\bin;d:\Arquivos de programas\Microsoft SQL Server\100\Tools\Binn\;d:\Arquivos de programas\Microsoft SQL Server\100\DTS\Binn\;D:\Arquivos de programas\QuickTime\QTSystem\;%JAVA_HOME%\bin;D:\Arquivos de programas\Apache\apache-ant-1.9.2\bin;D:\WINDOWS\system32\WindowsPowerShell\v1.0;D:\ORACLE\ORA10GR2\bin;D:\Documents and Settings\All Users\Dados de aplicativos\Oracle\Java\javapath;D:\ORACLE\ORA11GR2\bin;D:\ORACLE\ORA10GR2\bin;D:\Arquivos de programas\Oracle\jre\1.1.8\bin;D:\ORACLE\ORA6I\bin;D:\ORACLE\ODS10GR2\bin;D:\ORACLE\ORA10GR2\bin;D:\ORACLE\ODS10GR2\jdk\jre\bin\classic;D:\ORACLE\ODS10GR2\jdk\jre\bin;D:\ORACLE\ODS10GR2\jdk\jre\bin\client;D:\ORACLE\ODS10GR2\jlib;D:\ORACLE\ODS10GR2\jre\1.4.2\bin\client;D:\ORACLE\ODS10GR2\jre\1.4.2\bin;D:\WINDOWS\system32;D:\WINDOWS;D:\WINDOWS\System32\Wbem;D:\ORACLE\ORA6I\jdk\bin;D:\ARQUIV~1\ULTRAEDT;D:\Arquivos de programas\OpenSSH\bin;d:\Arquivos de programas\Microsoft SQL Server\100\Tools\Binn\;d:\Arquivos de programas\Microsoft SQL Server\100\DTS\Binn\;D:\Arquivos de programas\QuickTime\QTSystem\;%JAVA_HOME%\bin;D:\Arquivos de programas\Apache\apache-ant-1.9.2\bin;D:\WINDOWS\system32\WindowsPowerShell\v1.0;."/>
    <property name="java.specification.name" value="Java Platform API Specification"/>
    <property name="java.class.version" value="52.0"/>
    <property name="sun.management.compiler" value="HotSpot Client Compiler"/>
    <property name="os.version" value="5.1"/>
    <property name="user.home" value="D:\Documents and Settings\marcelol"/>
    <property name="user.timezone" value="America/Sao_Paulo"/>
    <property name="java.awt.printerjob" value="sun.awt.windows.WPrinterJob"/>
    <property name="java.specification.version" value="1.8"/>
    <property name="file.encoding" value="Cp1252"/>
    <property name="user.name" value="marcelol"/>
    <property name="java.class.path" value="/D:/Eclipse/Mars/plugins/org.eclipse.m2e.maven.runtime_1.6.0.20150526-2031/jars/plexus-classworlds-2.5.2.jar"/>
    <property name="java.vm.specification.version" value="1.8"/>
    <property name="sun.arch.data.model" value="32"/>
    <property name="java.home" value="D:\Arquivos de programas\Java\jdk1.8.0_45\jre"/>
    <property name="sun.java.command" value="org.codehaus.plexus.classworlds.launcher.Launcher -B install"/>
    <property name="java.specification.vendor" value="Oracle Corporation"/>
    <property name="user.language" value="pt"/>
    <property name="awt.toolkit" value="sun.awt.windows.WToolkit"/>
    <property name="java.vm.info" value="mixed mode, sharing"/>
    <property name="java.version" value="1.8.0_45"/>
    <property name="java.ext.dirs" value="D:\Arquivos de programas\Java\jdk1.8.0_45\jre\lib\ext;D:\WINDOWS\Sun\Java\lib\ext"/>
    <property name="sun.boot.class.path" value="D:\Arquivos de programas\Java\jdk1.8.0_45\jre\lib\resources.jar;D:\Arquivos de programas\Java\jdk1.8.0_45\jre\lib\rt.jar;D:\Arquivos de programas\Java\jdk1.8.0_45\jre\lib\sunrsasign.jar;D:\Arquivos de programas\Java\jdk1.8.0_45\jre\lib\jsse.jar;D:\Arquivos de programas\Java\jdk1.8.0_45\jre\lib\jce.jar;D:\Arquivos de programas\Java\jdk1.8.0_45\jre\lib\charsets.jar;D:\Arquivos de programas\Java\jdk1.8.0_45\jre\lib\jfr.jar;D:\Arquivos de programas\Java\jdk1.8.0_45\jre\classes"/>
    <property name="java.vendor" value="Oracle Corporation"/>
    <property name="maven.home" value="D:\Documents and Settings\marcelol\Eclipse\Workspaces\Ação\Estudos\JWSUR Examples\Chapter 6 - Example 15\EMBEDDED"/>
    <property name="file.separator" value="\"/>
    <property name="java.vendor.url.bug" value="http://bugreport.sun.com/bugreport/"/>
    <property name="sun.cpu.endian" value="little"/>
    <property name="sun.io.unicode.encoding" value="UnicodeLittle"/>
    <property name="sun.desktop" value="windows"/>
    <property name="sun.cpu.isalist" value="pentium_pro+mmx pentium_pro pentium+mmx pentium i486 i386 i86"/>
  </properties>
  <testcase classname="br.com.acaosistemas.temperatureconverterclient2.AppTest" name="testApp" time="0.015"/>
</testsuite>